alpha set
parameters: 
batch_size = 32
shuffle_train = True
num_workers = 8
epoch = 250
augmentation = numpy.roll + colorJitter
Start training, 2023-10-30 17:22:38.181127
epoch # 1 done, 2023-10-30 17:28:42.932033
epoch # 2 done, 2023-10-30 17:34:55.627619
epoch # 3 done, 2023-10-30 17:41:56.698852
epoch # 4 done, 2023-10-30 17:48:20.481581
epoch # 5 done, 2023-10-30 17:54:31.033228
epoch # 6 done, 2023-10-30 18:00:35.909077
epoch # 7 done, 2023-10-30 18:06:43.650676
epoch # 8 done, 2023-10-30 18:12:52.369815
epoch # 9 done, 2023-10-30 18:19:00.091324
epoch # 10 done, 2023-10-30 18:25:07.897744
val # 10 done, 2023-10-30 18:31:13.395221
epoch # 11 done, 2023-10-30 18:37:20.602764
epoch # 12 done, 2023-10-30 18:43:26.188443
epoch # 13 done, 2023-10-30 18:49:31.381023
epoch # 14 done, 2023-10-30 18:55:40.936401
epoch # 15 done, 2023-10-30 19:01:50.527572
epoch # 16 done, 2023-10-30 19:07:57.686994
epoch # 17 done, 2023-10-30 19:14:08.489746
epoch # 18 done, 2023-10-30 19:20:13.999345
epoch # 19 done, 2023-10-30 19:26:19.767848
epoch # 20 done, 2023-10-30 19:32:26.864545
val # 20 done, 2023-10-30 19:38:29.737559
epoch # 21 done, 2023-10-30 19:44:34.288707
epoch # 22 done, 2023-10-30 19:50:41.269431
epoch # 23 done, 2023-10-30 19:56:48.415119
epoch # 24 done, 2023-10-30 20:02:59.488797
epoch # 25 done, 2023-10-30 20:09:05.021628
epoch # 26 done, 2023-10-30 20:15:12.045398
epoch # 27 done, 2023-10-30 20:21:27.500731
epoch # 28 done, 2023-10-30 20:27:31.492525
epoch # 29 done, 2023-10-30 20:33:40.496692
epoch # 30 done, 2023-10-30 20:40:19.149436
val # 30 done, 2023-10-30 20:46:28.162677
epoch # 31 done, 2023-10-30 20:52:38.728542
epoch # 32 done, 2023-10-30 20:58:42.651901
epoch # 33 done, 2023-10-30 21:04:19.288042
epoch # 34 done, 2023-10-30 21:09:18.899894
epoch # 35 done, 2023-10-30 21:14:19.628581
epoch # 36 done, 2023-10-30 21:19:19.399943
epoch # 37 done, 2023-10-30 21:24:20.291896
epoch # 38 done, 2023-10-30 21:29:20.849420
epoch # 39 done, 2023-10-30 21:34:21.561990
epoch # 40 done, 2023-10-30 21:39:21.867596
val # 40 done, 2023-10-30 21:44:20.303552
epoch # 41 done, 2023-10-30 21:49:20.695244
epoch # 42 done, 2023-10-30 21:54:20.272497
epoch # 43 done, 2023-10-30 21:59:20.654456
epoch # 44 done, 2023-10-30 22:04:20.344927
epoch # 45 done, 2023-10-30 22:09:20.093440
epoch # 46 done, 2023-10-30 22:14:19.593211
epoch # 47 done, 2023-10-30 22:19:19.344624
epoch # 48 done, 2023-10-30 22:24:18.830788
epoch # 49 done, 2023-10-30 22:29:18.331031
epoch # 50 done, 2023-10-30 22:34:18.299840
val # 50 done, 2023-10-30 22:39:14.375280
epoch # 51 done, 2023-10-30 22:44:13.867502
epoch # 52 done, 2023-10-30 22:49:13.841802
epoch # 53 done, 2023-10-30 22:54:13.421722
epoch # 54 done, 2023-10-30 22:59:13.276254
epoch # 55 done, 2023-10-30 23:04:13.129606
epoch # 56 done, 2023-10-30 23:09:13.036199
epoch # 57 done, 2023-10-30 23:14:12.076636
epoch # 58 done, 2023-10-30 23:19:11.444747
epoch # 59 done, 2023-10-30 23:24:10.977503
epoch # 60 done, 2023-10-30 23:29:10.421484
val # 60 done, 2023-10-30 23:34:07.465570
epoch # 61 done, 2023-10-30 23:39:07.046922
epoch # 62 done, 2023-10-30 23:44:07.023150
epoch # 63 done, 2023-10-30 23:49:06.531806
epoch # 64 done, 2023-10-30 23:54:06.741307
epoch # 65 done, 2023-10-30 23:59:06.636809
epoch # 66 done, 2023-10-31 00:04:06.014903
epoch # 67 done, 2023-10-31 00:09:06.081542
epoch # 68 done, 2023-10-31 00:14:04.948284
epoch # 69 done, 2023-10-31 00:19:04.121412
epoch # 70 done, 2023-10-31 00:24:03.732536
val # 70 done, 2023-10-31 00:29:01.409281
epoch # 71 done, 2023-10-31 00:34:01.172350
epoch # 72 done, 2023-10-31 00:39:00.812259
epoch # 73 done, 2023-10-31 00:43:59.485342
epoch # 74 done, 2023-10-31 00:48:59.956123
epoch # 75 done, 2023-10-31 00:53:59.447121
epoch # 76 done, 2023-10-31 00:58:59.585348
epoch # 77 done, 2023-10-31 01:03:59.571091
epoch # 78 done, 2023-10-31 01:09:00.165373
epoch # 79 done, 2023-10-31 01:13:59.040554
epoch # 80 done, 2023-10-31 01:18:58.807894
val # 80 done, 2023-10-31 01:23:55.831050
epoch # 81 done, 2023-10-31 01:28:55.151148
epoch # 82 done, 2023-10-31 01:33:54.967719
epoch # 83 done, 2023-10-31 01:38:55.759418
epoch # 84 done, 2023-10-31 01:43:55.799387
epoch # 85 done, 2023-10-31 01:48:55.421716
epoch # 86 done, 2023-10-31 01:53:54.510959
epoch # 87 done, 2023-10-31 01:58:54.269720
epoch # 88 done, 2023-10-31 02:03:54.475675
epoch # 89 done, 2023-10-31 02:08:53.999877
epoch # 90 done, 2023-10-31 02:13:55.225436
val # 90 done, 2023-10-31 02:18:51.803796
epoch # 91 done, 2023-10-31 02:23:51.325181
epoch # 92 done, 2023-10-31 02:28:50.909236
epoch # 93 done, 2023-10-31 02:33:50.979544
epoch # 94 done, 2023-10-31 02:38:50.621836
epoch # 95 done, 2023-10-31 02:43:50.897192
epoch # 96 done, 2023-10-31 02:48:50.387736
epoch # 97 done, 2023-10-31 02:53:50.149949
epoch # 98 done, 2023-10-31 02:58:49.665494
epoch # 99 done, 2023-10-31 03:03:49.452577
epoch # 100 done, 2023-10-31 03:08:49.363582
val # 100 done, 2023-10-31 03:13:45.815904
epoch # 101 done, 2023-10-31 03:18:46.068043
epoch # 102 done, 2023-10-31 03:23:44.712476
epoch # 103 done, 2023-10-31 03:28:45.119735
epoch # 104 done, 2023-10-31 03:33:45.178799
epoch # 105 done, 2023-10-31 03:38:45.227800
epoch # 106 done, 2023-10-31 03:43:45.335211
epoch # 107 done, 2023-10-31 03:48:45.301873
epoch # 108 done, 2023-10-31 03:53:45.252085
epoch # 109 done, 2023-10-31 03:58:45.617605
epoch # 110 done, 2023-10-31 04:03:46.792561
val # 110 done, 2023-10-31 04:08:43.389832
epoch # 111 done, 2023-10-31 04:13:43.662751
epoch # 112 done, 2023-10-31 04:18:44.179841
epoch # 113 done, 2023-10-31 04:23:45.228189
epoch # 114 done, 2023-10-31 04:28:45.213717
epoch # 115 done, 2023-10-31 04:33:46.775754
epoch # 116 done, 2023-10-31 04:38:47.135477
epoch # 117 done, 2023-10-31 04:43:46.709808
epoch # 118 done, 2023-10-31 04:48:46.916902
epoch # 119 done, 2023-10-31 04:53:47.329996
epoch # 120 done, 2023-10-31 04:58:46.897787
val # 120 done, 2023-10-31 05:03:43.849778
epoch # 121 done, 2023-10-31 05:08:44.272859
epoch # 122 done, 2023-10-31 05:13:44.271357
epoch # 123 done, 2023-10-31 05:18:45.125163
epoch # 124 done, 2023-10-31 05:23:46.645330
epoch # 125 done, 2023-10-31 05:28:47.126742
epoch # 126 done, 2023-10-31 05:33:46.791957
epoch # 127 done, 2023-10-31 05:38:46.369859
epoch # 128 done, 2023-10-31 05:43:46.693546
epoch # 129 done, 2023-10-31 05:48:46.603651
epoch # 130 done, 2023-10-31 05:53:46.016283
val # 130 done, 2023-10-31 05:58:43.137457
epoch # 131 done, 2023-10-31 06:03:42.435773
epoch # 132 done, 2023-10-31 06:08:42.230595
epoch # 133 done, 2023-10-31 06:13:41.444518
epoch # 134 done, 2023-10-31 06:18:41.581641
epoch # 135 done, 2023-10-31 06:23:41.334863
epoch # 136 done, 2023-10-31 06:28:41.544783
epoch # 137 done, 2023-10-31 06:33:41.123169
epoch # 138 done, 2023-10-31 06:38:40.991089
epoch # 139 done, 2023-10-31 06:43:41.245371
epoch # 140 done, 2023-10-31 06:48:41.724841
val # 140 done, 2023-10-31 06:53:38.433631
epoch # 141 done, 2023-10-31 06:58:38.544915
epoch # 142 done, 2023-10-31 07:03:40.684714
epoch # 143 done, 2023-10-31 07:08:40.295801
epoch # 144 done, 2023-10-31 07:13:41.110871
epoch # 145 done, 2023-10-31 07:18:42.393563
epoch # 146 done, 2023-10-31 07:23:42.259471
epoch # 147 done, 2023-10-31 07:28:42.221891
epoch # 148 done, 2023-10-31 07:33:41.849715
epoch # 149 done, 2023-10-31 07:38:41.995835
epoch # 150 done, 2023-10-31 07:43:41.551174
val # 150 done, 2023-10-31 07:48:38.866306
epoch # 151 done, 2023-10-31 07:53:39.387475
epoch # 152 done, 2023-10-31 07:58:39.807484
epoch # 153 done, 2023-10-31 08:03:40.525595
epoch # 154 done, 2023-10-31 08:08:40.893675
epoch # 155 done, 2023-10-31 08:13:42.270465
epoch # 156 done, 2023-10-31 08:18:43.104422
epoch # 157 done, 2023-10-31 08:23:43.891219
epoch # 158 done, 2023-10-31 08:28:43.927320
epoch # 159 done, 2023-10-31 08:33:43.647625
epoch # 160 done, 2023-10-31 08:38:44.979763
val # 160 done, 2023-10-31 08:43:42.076835
epoch # 161 done, 2023-10-31 08:48:42.002865
epoch # 162 done, 2023-10-31 08:53:42.748446
epoch # 163 done, 2023-10-31 08:58:43.964265
epoch # 164 done, 2023-10-31 09:03:44.684654
epoch # 165 done, 2023-10-31 09:08:45.624007
epoch # 166 done, 2023-10-31 09:13:46.673665
epoch # 167 done, 2023-10-31 09:18:46.713416
epoch # 168 done, 2023-10-31 09:23:46.768843
epoch # 169 done, 2023-10-31 09:28:46.171861
epoch # 170 done, 2023-10-31 09:33:46.491400
val # 170 done, 2023-10-31 09:38:43.328940
epoch # 171 done, 2023-10-31 09:43:44.250914
epoch # 172 done, 2023-10-31 09:48:44.349023
epoch # 173 done, 2023-10-31 09:53:44.603711
epoch # 174 done, 2023-10-31 09:58:45.445950
epoch # 175 done, 2023-10-31 10:03:44.878036
epoch # 176 done, 2023-10-31 10:08:45.339964
epoch # 177 done, 2023-10-31 10:13:46.001511
epoch # 178 done, 2023-10-31 10:18:45.659359
epoch # 179 done, 2023-10-31 10:23:45.216426
epoch # 180 done, 2023-10-31 10:28:46.079389
val # 180 done, 2023-10-31 10:33:43.030859
epoch # 181 done, 2023-10-31 10:38:42.413952
epoch # 182 done, 2023-10-31 10:43:42.046620
epoch # 183 done, 2023-10-31 10:48:42.177541
epoch # 184 done, 2023-10-31 10:53:42.517547
epoch # 185 done, 2023-10-31 10:58:42.347373
epoch # 186 done, 2023-10-31 11:03:42.300844
epoch # 187 done, 2023-10-31 11:08:42.276558
epoch # 188 done, 2023-10-31 11:13:42.312727
epoch # 189 done, 2023-10-31 11:18:41.961659
epoch # 190 done, 2023-10-31 11:23:41.425759
val # 190 done, 2023-10-31 11:28:39.824019
epoch # 191 done, 2023-10-31 11:33:39.724601
epoch # 192 done, 2023-10-31 11:38:38.964614
epoch # 193 done, 2023-10-31 11:43:38.683731
epoch # 194 done, 2023-10-31 11:48:38.260486
epoch # 195 done, 2023-10-31 11:53:38.174694
epoch # 196 done, 2023-10-31 11:58:38.448825
epoch # 197 done, 2023-10-31 12:03:38.044840
epoch # 198 done, 2023-10-31 12:08:37.971531
epoch # 199 done, 2023-10-31 12:13:37.782840
epoch # 200 done, 2023-10-31 12:18:40.192402
val # 200 done, 2023-10-31 12:23:36.808717
epoch # 201 done, 2023-10-31 12:28:37.639490
epoch # 202 done, 2023-10-31 12:33:38.472350
epoch # 203 done, 2023-10-31 12:38:38.145281
epoch # 204 done, 2023-10-31 12:43:40.626266
epoch # 205 done, 2023-10-31 12:48:40.555048
epoch # 206 done, 2023-10-31 12:53:41.595452
epoch # 207 done, 2023-10-31 12:58:41.445768
epoch # 208 done, 2023-10-31 13:03:42.235921
epoch # 209 done, 2023-10-31 13:08:42.908661
epoch # 210 done, 2023-10-31 13:13:42.945337
val # 210 done, 2023-10-31 13:18:39.795990
epoch # 211 done, 2023-10-31 13:23:41.123123
epoch # 212 done, 2023-10-31 13:28:42.333201
epoch # 213 done, 2023-10-31 13:33:42.852406
epoch # 214 done, 2023-10-31 13:38:43.211649
epoch # 215 done, 2023-10-31 13:43:42.471896
epoch # 216 done, 2023-10-31 13:48:44.000952
epoch # 217 done, 2023-10-31 13:53:45.180299
epoch # 218 done, 2023-10-31 13:58:45.223849
epoch # 219 done, 2023-10-31 14:03:45.897617
epoch # 220 done, 2023-10-31 14:08:46.003953
val # 220 done, 2023-10-31 14:13:44.153161
epoch # 221 done, 2023-10-31 14:18:44.395088
epoch # 222 done, 2023-10-31 14:23:45.003067
epoch # 223 done, 2023-10-31 14:28:46.292927
epoch # 224 done, 2023-10-31 14:33:46.632079
epoch # 225 done, 2023-10-31 14:38:46.656564
epoch # 226 done, 2023-10-31 14:43:46.889043
epoch # 227 done, 2023-10-31 14:48:47.136077
epoch # 228 done, 2023-10-31 14:53:49.352562
epoch # 229 done, 2023-10-31 14:58:51.474974
epoch # 230 done, 2023-10-31 15:03:52.213110
val # 230 done, 2023-10-31 15:08:48.742741
epoch # 231 done, 2023-10-31 15:13:49.109474
epoch # 232 done, 2023-10-31 15:18:49.480644
epoch # 233 done, 2023-10-31 15:23:50.011621
epoch # 234 done, 2023-10-31 15:28:50.532813
epoch # 235 done, 2023-10-31 15:33:51.673705
epoch # 236 done, 2023-10-31 15:38:51.561902
epoch # 237 done, 2023-10-31 15:43:52.104481
epoch # 238 done, 2023-10-31 15:48:52.536940
epoch # 239 done, 2023-10-31 15:53:52.761986
epoch # 240 done, 2023-10-31 15:58:54.737102
val # 240 done, 2023-10-31 16:03:51.552499
epoch # 241 done, 2023-10-31 16:08:51.848730
epoch # 242 done, 2023-10-31 16:13:51.373249
epoch # 243 done, 2023-10-31 16:18:53.939295
epoch # 244 done, 2023-10-31 16:23:54.861195
epoch # 245 done, 2023-10-31 16:28:55.431721
epoch # 246 done, 2023-10-31 16:33:58.097837
epoch # 247 done, 2023-10-31 16:38:58.512198
epoch # 248 done, 2023-10-31 16:43:59.099773
epoch # 249 done, 2023-10-31 16:48:59.279068
/home/tingwei/miniconda3/envs/Zillow/lib/python3.10/site-packages/sklearn/metrics/_classification.py:1344: UndefinedMetricWarning: Precision and F-score are ill-defined and being set to 0.0 in labels with no predicted samples. Use `zero_division` parameter to control this behavior.
  _warn_prf(average, modifier, msg_start, len(result))
/home/tingwei/miniconda3/envs/Zillow/lib/python3.10/site-packages/sklearn/metrics/_classification.py:1344: UndefinedMetricWarning: Recall and F-score are ill-defined and being set to 0.0 in labels with no true samples. Use `zero_division` parameter to control this behavior.
  _warn_prf(average, modifier, msg_start, len(result))
/home/tingwei/miniconda3/envs/Zillow/lib/python3.10/site-packages/sklearn/metrics/_classification.py:1344: UndefinedMetricWarning: Precision and F-score are ill-defined and being set to 0.0 in labels with no predicted samples. Use `zero_division` parameter to control this behavior.
  _warn_prf(average, modifier, msg_start, len(result))
/home/tingwei/miniconda3/envs/Zillow/lib/python3.10/site-packages/sklearn/metrics/_classification.py:1344: UndefinedMetricWarning: Recall and F-score are ill-defined and being set to 0.0 in labels with no true samples. Use `zero_division` parameter to control this behavior.
  _warn_prf(average, modifier, msg_start, len(result))
/home/tingwei/miniconda3/envs/Zillow/lib/python3.10/site-packages/sklearn/metrics/_classification.py:1344: UndefinedMetricWarning: Precision and F-score are ill-defined and being set to 0.0 in labels with no predicted samples. Use `zero_division` parameter to control this behavior.
  _warn_prf(average, modifier, msg_start, len(result))
/home/tingwei/miniconda3/envs/Zillow/lib/python3.10/site-packages/sklearn/metrics/_classification.py:1344: UndefinedMetricWarning: Recall and F-score are ill-defined and being set to 0.0 in labels with no true samples. Use `zero_division` parameter to control this behavior.
  _warn_prf(average, modifier, msg_start, len(result))
epoch # 250 done, 2023-10-31 16:53:59.866931
val # 250 done, 2023-10-31 16:58:56.946534
              precision    recall  f1-score   support

           0       0.78      0.69      0.73       728
           1       0.92      0.83      0.87       867
           2       0.84      0.54      0.65      1397
           3       0.50      0.26      0.34       666
           4       0.74      0.59      0.66       498
           5       0.36      0.30      0.33       388
           6       0.94      0.81      0.87       339
           7       0.50      0.69      0.58       217
           8       0.58      0.47      0.52       702
           9       0.18      0.40      0.25       125
          10       0.11      0.17      0.14       170
          11       0.31      0.47      0.37       150
          12       0.22      0.50      0.30        50
          13       0.04      0.12      0.06        48
          14       0.42      0.53      0.47        15
          15       0.05      0.40      0.09        45
          16       0.05      0.24      0.09        59
          17       0.18      0.24      0.21        76
          18       0.18      0.57      0.28        47
          19       0.00      0.00      0.00         2
          20       0.00      0.00      0.00         0
          21       0.00      0.00      0.00         1
          22       0.02      0.05      0.03        74

    accuracy                           0.54      6664
   macro avg       0.34      0.39      0.34      6664
weighted avg       0.65      0.54      0.58      6664

Finished Training
