alpha set
parameters: 
batch_size = 64
shuffle_train = True
num_workers = 8
epoch = 100
augmentation = numpy.roll + colorJitter
Start training, 2023-09-14 03:32:26.242976
tensor([10,  0,  1,  0,  2,  4, 10,  3,  9,  0,  3,  0,  2,  4, 17,  7,  0,  3,
         6,  5,  8,  8,  2,  4,  8,  8,  1, 22,  2,  2, 17,  2,  6,  6,  2,  0,
         2,  4,  2,  8,  0,  4,  0,  0, 10,  1,  4,  1,  8, 13,  4,  8, 17,  2,
        15,  3,  3,  2,  3,  3, 10,  3, 10,  1])
Traceback (most recent call last):
  File "/home/tingwei/zillow_data/classifier_resnet50.py", line 449, in <module>
    outputs = net(inputs)
  File "/home/tingwei/miniconda3/envs/Zillow/lib/python3.10/site-packages/torch/nn/modules/module.py", line 1130, in _call_impl
    return forward_call(*input, **kwargs)
  File "/home/tingwei/zillow_data/classifier_resnet50.py", line 293, in forward
    x = self.pretrained(x)
  File "/home/tingwei/miniconda3/envs/Zillow/lib/python3.10/site-packages/torch/nn/modules/module.py", line 1130, in _call_impl
    return forward_call(*input, **kwargs)
  File "/home/tingwei/miniconda3/envs/Zillow/lib/python3.10/site-packages/torchvision/models/resnet.py", line 285, in forward
    return self._forward_impl(x)
  File "/home/tingwei/miniconda3/envs/Zillow/lib/python3.10/site-packages/torchvision/models/resnet.py", line 273, in _forward_impl
    x = self.layer1(x)
  File "/home/tingwei/miniconda3/envs/Zillow/lib/python3.10/site-packages/torch/nn/modules/module.py", line 1130, in _call_impl
    return forward_call(*input, **kwargs)
  File "/home/tingwei/miniconda3/envs/Zillow/lib/python3.10/site-packages/torch/nn/modules/container.py", line 139, in forward
    input = module(input)
  File "/home/tingwei/miniconda3/envs/Zillow/lib/python3.10/site-packages/torch/nn/modules/module.py", line 1130, in _call_impl
    return forward_call(*input, **kwargs)
  File "/home/tingwei/miniconda3/envs/Zillow/lib/python3.10/site-packages/torchvision/models/resnet.py", line 155, in forward
    out = self.bn3(out)
  File "/home/tingwei/miniconda3/envs/Zillow/lib/python3.10/site-packages/torch/nn/modules/module.py", line 1130, in _call_impl
    return forward_call(*input, **kwargs)
  File "/home/tingwei/miniconda3/envs/Zillow/lib/python3.10/site-packages/torch/nn/modules/batchnorm.py", line 168, in forward
    return F.batch_norm(
  File "/home/tingwei/miniconda3/envs/Zillow/lib/python3.10/site-packages/torch/nn/functional.py", line 2438, in batch_norm
    return torch.batch_norm(
RuntimeError: CUDA out of memory. Tried to allocate 128.00 MiB (GPU 0; 10.92 GiB total capacity; 1.59 GiB already allocated; 52.00 MiB free; 1.61 GiB reserved in total by PyTorch) If reserved memory is >> allocated memory try setting max_split_size_mb to avoid fragmentation.  See documentation for Memory Management and PYTORCH_CUDA_ALLOC_CONF

new data
train
train
val
test
parameters: 
batch size = 1
shuffle train = False
num workers = 6
epoch = 150
test set = train partition
pos threshold = 0.75
Start training, 2023-09-14 03:35:42.288853
epoch # 1 done, 2023-09-14 03:43:28.846698
epoch # 2 done, 2023-09-14 03:51:15.841584
epoch # 3 done, 2023-09-14 03:58:59.972827
epoch # 4 done, 2023-09-14 04:06:44.544285
epoch # 5 done, 2023-09-14 04:14:29.813093
epoch # 6 done, 2023-09-14 04:22:12.937002
epoch # 7 done, 2023-09-14 04:29:57.780943
epoch # 8 done, 2023-09-14 04:37:39.795647
epoch # 9 done, 2023-09-14 04:45:21.886249
epoch # 10 done, 2023-09-14 04:53:04.689842
epoch # 11 done, 2023-09-14 05:00:47.317361
epoch # 12 done, 2023-09-14 05:08:30.351283
epoch # 13 done, 2023-09-14 05:16:13.795746
epoch # 14 done, 2023-09-14 05:23:58.398568
epoch # 15 done, 2023-09-14 05:31:45.755499
               precision    recall  f1-score   support

negative pair       0.99      0.93      0.96    417440
positive pair       0.39      0.79      0.53     24770

     accuracy                           0.92    442210
    macro avg       0.69      0.86      0.74    442210
 weighted avg       0.95      0.92      0.93    442210

val # 15 on test done, 2023-09-14 05:33:17.421852
epoch # 16 done, 2023-09-14 05:41:00.432967
epoch # 17 done, 2023-09-14 05:48:44.548338
epoch # 18 done, 2023-09-14 05:56:26.828747
epoch # 19 done, 2023-09-14 06:04:12.481582
epoch # 20 done, 2023-09-14 06:11:56.804979
epoch # 21 done, 2023-09-14 06:19:41.250203
epoch # 22 done, 2023-09-14 06:27:23.922589
epoch # 23 done, 2023-09-14 06:35:05.886446
epoch # 24 done, 2023-09-14 06:42:49.286511
epoch # 25 done, 2023-09-14 06:50:32.076929
epoch # 26 done, 2023-09-14 06:58:15.247330
epoch # 27 done, 2023-09-14 07:05:57.164621
epoch # 28 done, 2023-09-14 07:13:40.476448
epoch # 29 done, 2023-09-14 07:21:25.642011
epoch # 30 done, 2023-09-14 07:29:08.004277
               precision    recall  f1-score   support

negative pair       0.99      0.95      0.97    417440
positive pair       0.47      0.76      0.58     24770

     accuracy                           0.94    442210
    macro avg       0.73      0.85      0.78    442210
 weighted avg       0.96      0.94      0.95    442210

val # 30 on test done, 2023-09-14 07:30:39.683033
epoch # 31 done, 2023-09-14 07:38:21.890723
epoch # 32 done, 2023-09-14 07:46:05.354189
epoch # 33 done, 2023-09-14 07:53:49.452670
epoch # 34 done, 2023-09-14 08:01:33.365992
epoch # 35 done, 2023-09-14 08:09:46.429787
epoch # 36 done, 2023-09-14 08:17:35.256897
epoch # 37 done, 2023-09-14 08:25:17.667141
epoch # 38 done, 2023-09-14 08:33:02.454756
epoch # 39 done, 2023-09-14 08:40:44.200458
epoch # 40 done, 2023-09-14 08:48:26.434636
epoch # 41 done, 2023-09-14 08:56:08.807398
epoch # 42 done, 2023-09-14 09:03:51.822767
epoch # 43 done, 2023-09-14 09:11:35.730424
epoch # 44 done, 2023-09-14 09:19:20.440956
epoch # 45 done, 2023-09-14 09:27:04.978082
               precision    recall  f1-score   support

negative pair       0.98      0.97      0.97    417440
positive pair       0.56      0.73      0.64     24770

     accuracy                           0.95    442210
    macro avg       0.77      0.85      0.80    442210
 weighted avg       0.96      0.95      0.96    442210

val # 45 on test done, 2023-09-14 09:28:41.458227
epoch # 46 done, 2023-09-14 09:36:24.942539
epoch # 47 done, 2023-09-14 09:44:08.575102
epoch # 48 done, 2023-09-14 09:51:52.813604
epoch # 49 done, 2023-09-14 09:59:38.530402
epoch # 50 done, 2023-09-14 10:07:24.826126
epoch # 51 done, 2023-09-14 10:15:08.242621
epoch # 52 done, 2023-09-14 10:22:50.522715
epoch # 53 done, 2023-09-14 10:30:35.105534
epoch # 54 done, 2023-09-14 10:38:19.070150
epoch # 55 done, 2023-09-14 10:46:06.169269
epoch # 56 done, 2023-09-14 10:53:52.908836
epoch # 57 done, 2023-09-14 11:01:38.206471
epoch # 58 done, 2023-09-14 11:09:23.669536
epoch # 59 done, 2023-09-14 11:17:08.841435
epoch # 60 done, 2023-09-14 11:24:52.034149
               precision    recall  f1-score   support

negative pair       0.98      0.97      0.98    417440
positive pair       0.62      0.71      0.66     24770

     accuracy                           0.96    442210
    macro avg       0.80      0.84      0.82    442210
 weighted avg       0.96      0.96      0.96    442210

val # 60 on test done, 2023-09-14 11:26:26.394381
epoch # 61 done, 2023-09-14 11:34:07.546590
epoch # 62 done, 2023-09-14 11:41:50.954107
epoch # 63 done, 2023-09-14 11:49:33.998503
epoch # 64 done, 2023-09-14 11:57:22.067000
epoch # 65 done, 2023-09-14 12:05:08.866205
epoch # 66 done, 2023-09-14 12:12:52.744639
epoch # 67 done, 2023-09-14 12:20:35.144455
epoch # 68 done, 2023-09-14 12:28:20.257172
epoch # 69 done, 2023-09-14 12:36:04.578964
epoch # 70 done, 2023-09-14 12:43:48.790630
epoch # 71 done, 2023-09-14 12:51:34.900454
epoch # 72 done, 2023-09-14 12:59:20.244918
epoch # 73 done, 2023-09-14 13:07:04.160877
epoch # 74 done, 2023-09-14 13:14:47.134336
epoch # 75 done, 2023-09-14 13:22:30.497902
               precision    recall  f1-score   support

negative pair       0.98      0.98      0.98    417440
positive pair       0.65      0.69      0.67     24770

     accuracy                           0.96    442210
    macro avg       0.81      0.83      0.82    442210
 weighted avg       0.96      0.96      0.96    442210

val # 75 on test done, 2023-09-14 13:24:04.535906
epoch # 76 done, 2023-09-14 13:31:47.163619
epoch # 77 done, 2023-09-14 13:39:31.963057
epoch # 78 done, 2023-09-14 13:47:15.602233
epoch # 79 done, 2023-09-14 13:54:57.976714
epoch # 80 done, 2023-09-14 14:02:42.020721
epoch # 81 done, 2023-09-14 14:10:27.599038
epoch # 82 done, 2023-09-14 14:18:13.867052
epoch # 83 done, 2023-09-14 14:25:58.473076
epoch # 84 done, 2023-09-14 14:33:40.342605
epoch # 85 done, 2023-09-14 14:41:26.632948
epoch # 86 done, 2023-09-14 14:49:10.591230
epoch # 87 done, 2023-09-14 14:56:52.864367
epoch # 88 done, 2023-09-14 15:04:38.455020
epoch # 89 done, 2023-09-14 15:12:23.053503
epoch # 90 done, 2023-09-14 15:20:07.182520
               precision    recall  f1-score   support

negative pair       0.98      0.98      0.98    417440
positive pair       0.67      0.69      0.68     24770

     accuracy                           0.96    442210
    macro avg       0.82      0.83      0.83    442210
 weighted avg       0.96      0.96      0.96    442210

val # 90 on test done, 2023-09-14 15:21:41.712282
epoch # 91 done, 2023-09-14 15:29:25.530438
epoch # 92 done, 2023-09-14 15:37:11.253165
epoch # 93 done, 2023-09-14 15:44:55.502736
epoch # 94 done, 2023-09-14 15:52:39.174818
epoch # 95 done, 2023-09-14 16:00:23.764534
epoch # 96 done, 2023-09-14 16:08:08.777753
epoch # 97 done, 2023-09-14 16:15:53.006032
epoch # 98 done, 2023-09-14 16:23:38.736181
epoch # 99 done, 2023-09-14 16:31:21.223009
epoch # 100 done, 2023-09-14 16:39:07.101578
epoch # 101 done, 2023-09-14 16:46:50.533433
epoch # 102 done, 2023-09-14 16:54:35.634359
epoch # 103 done, 2023-09-14 17:02:21.500273
epoch # 104 done, 2023-09-14 17:10:05.964769
epoch # 105 done, 2023-09-14 17:17:51.805129
               precision    recall  f1-score   support

negative pair       0.98      0.98      0.98    417440
positive pair       0.69      0.67      0.68     24770

     accuracy                           0.96    442210
    macro avg       0.84      0.83      0.83    442210
 weighted avg       0.96      0.96      0.96    442210

val # 105 on test done, 2023-09-14 17:19:25.244562
epoch # 106 done, 2023-09-14 17:27:08.937060
epoch # 107 done, 2023-09-14 17:34:54.945016
epoch # 108 done, 2023-09-14 17:42:38.506884
epoch # 109 done, 2023-09-14 17:50:21.764798
epoch # 110 done, 2023-09-14 17:58:06.660635
epoch # 111 done, 2023-09-14 18:05:51.833254
epoch # 112 done, 2023-09-14 18:13:36.059151
epoch # 113 done, 2023-09-14 18:21:21.322294
epoch # 114 done, 2023-09-14 18:29:05.768980
epoch # 115 done, 2023-09-14 18:36:49.230715
epoch # 116 done, 2023-09-14 18:44:32.218568
epoch # 117 done, 2023-09-14 18:52:15.648825
epoch # 118 done, 2023-09-14 18:59:59.214085
epoch # 119 done, 2023-09-14 19:07:44.258807
epoch # 120 done, 2023-09-14 19:15:28.633100
               precision    recall  f1-score   support

negative pair       0.98      0.98      0.98    417440
positive pair       0.71      0.66      0.69     24770

     accuracy                           0.97    442210
    macro avg       0.85      0.82      0.83    442210
 weighted avg       0.97      0.97      0.97    442210

val # 120 on test done, 2023-09-14 19:17:04.411989
epoch # 121 done, 2023-09-14 19:24:48.078976
epoch # 122 done, 2023-09-14 19:32:33.115346
epoch # 123 done, 2023-09-14 19:40:17.216681
epoch # 124 done, 2023-09-14 19:48:10.666969
epoch # 125 done, 2023-09-14 19:56:23.399882
epoch # 126 done, 2023-09-14 20:04:06.927664
epoch # 127 done, 2023-09-14 20:11:52.885960
epoch # 128 done, 2023-09-14 20:19:37.009347
epoch # 129 done, 2023-09-14 20:27:22.362694
epoch # 130 done, 2023-09-14 20:35:07.993909
epoch # 131 done, 2023-09-14 20:42:52.178419
epoch # 132 done, 2023-09-14 20:50:37.054521
epoch # 133 done, 2023-09-14 20:58:22.024201
epoch # 134 done, 2023-09-14 21:06:07.262093
epoch # 135 done, 2023-09-14 21:13:53.499236
               precision    recall  f1-score   support

negative pair       0.98      0.99      0.98    417440
positive pair       0.74      0.65      0.69     24770

     accuracy                           0.97    442210
    macro avg       0.86      0.82      0.84    442210
 weighted avg       0.97      0.97      0.97    442210

val # 135 on test done, 2023-09-14 21:15:27.718065
epoch # 136 done, 2023-09-14 21:23:12.769512
epoch # 137 done, 2023-09-14 21:30:56.913021
epoch # 138 done, 2023-09-14 21:38:41.687598
epoch # 139 done, 2023-09-14 21:46:25.059030
epoch # 140 done, 2023-09-14 21:54:08.133280
epoch # 141 done, 2023-09-14 22:01:52.677607
epoch # 142 done, 2023-09-14 22:09:37.526692
epoch # 143 done, 2023-09-14 22:17:21.923059
epoch # 144 done, 2023-09-14 22:25:07.178216
epoch # 145 done, 2023-09-14 22:32:52.759004
epoch # 146 done, 2023-09-14 22:40:35.121331
epoch # 147 done, 2023-09-14 22:48:19.365249
epoch # 148 done, 2023-09-14 22:56:01.094325
epoch # 149 done, 2023-09-14 23:03:45.561206
epoch # 150 done, 2023-09-14 23:11:28.936583
               precision    recall  f1-score   support

negative pair       0.98      0.99      0.98    417440
positive pair       0.75      0.64      0.69     24770

     accuracy                           0.97    442210
    macro avg       0.86      0.81      0.84    442210
 weighted avg       0.97      0.97      0.97    442210

val # 150 on test done, 2023-09-14 23:13:03.855549
Finished Training
