Traceback (most recent call last):
  File "/home/tingwei/zillow_data/classifier_resnet50.py", line 12, in <module>
    import torch
ModuleNotFoundError: No module named 'torch'
parameters: 
batch_size = 64
shuffle_train = True
num_workers = 8
epoch = 50
augmentation = numpy.roll + colorJitter
Start training, 2023-06-25 15:32:47.854916
epoch # 1 done, 2023-06-25 15:38:15.844218
epoch # 2 done, 2023-06-25 15:43:50.425633
val # 2 done, 2023-06-25 15:48:53.854057
epoch # 3 done, 2023-06-25 15:54:29.945557
epoch # 4 done, 2023-06-25 16:00:04.544428
val # 4 done, 2023-06-25 16:05:07.083191
epoch # 5 done, 2023-06-25 16:10:25.492092
epoch # 6 done, 2023-06-25 16:15:38.775724
val # 6 done, 2023-06-25 16:20:32.246056
epoch # 7 done, 2023-06-25 16:25:45.663725
epoch # 8 done, 2023-06-25 16:30:59.586940
val # 8 done, 2023-06-25 16:35:52.310509
epoch # 9 done, 2023-06-25 16:41:12.759593
epoch # 10 done, 2023-06-25 16:46:48.360428
val # 10 done, 2023-06-25 16:51:47.011550
Traceback (most recent call last):
  File "/home/tingwei/zillow_data/classifier_resnet50.py", line 441, in <module>
    for i, data in enumerate(label_dataloader_train, 0):
  File "/home/tingwei/miniconda3/envs/Zillow/lib/python3.10/site-packages/torch/utils/data/dataloader.py", line 681, in __next__
    data = self._next_data()
  File "/home/tingwei/miniconda3/envs/Zillow/lib/python3.10/site-packages/torch/utils/data/dataloader.py", line 1359, in _next_data
    idx, data = self._get_data()
  File "/home/tingwei/miniconda3/envs/Zillow/lib/python3.10/site-packages/torch/utils/data/dataloader.py", line 1325, in _get_data
    success, data = self._try_get_data()
  File "/home/tingwei/miniconda3/envs/Zillow/lib/python3.10/site-packages/torch/utils/data/dataloader.py", line 1163, in _try_get_data
    data = self._data_queue.get(timeout=timeout)
  File "/home/tingwei/miniconda3/envs/Zillow/lib/python3.10/multiprocessing/queues.py", line 113, in get
    if not self._poll(timeout):
  File "/home/tingwei/miniconda3/envs/Zillow/lib/python3.10/multiprocessing/connection.py", line 257, in poll
    return self._poll(timeout)
  File "/home/tingwei/miniconda3/envs/Zillow/lib/python3.10/multiprocessing/connection.py", line 424, in _poll
    r = wait([self], timeout)
  File "/home/tingwei/miniconda3/envs/Zillow/lib/python3.10/multiprocessing/connection.py", line 931, in wait
    ready = selector.select(timeout)
  File "/home/tingwei/miniconda3/envs/Zillow/lib/python3.10/selectors.py", line 416, in select
    fd_event_list = self._selector.poll(timeout)
KeyboardInterrupt
alpha set
parameters: 
batch_size = 64
shuffle_train = True
num_workers = 8
epoch = 50
augmentation = numpy.roll + colorJitter
Start training, 2023-06-25 16:57:51.433800
epoch # 1 done, 2023-06-25 17:03:31.731053
epoch # 2 done, 2023-06-25 17:09:06.626446
val # 2 done, 2023-06-25 17:14:04.989250
epoch # 3 done, 2023-06-25 17:19:39.777509
epoch # 4 done, 2023-06-25 17:25:15.718349
val # 4 done, 2023-06-25 17:30:17.184280
epoch # 5 done, 2023-06-25 17:35:50.538285
epoch # 6 done, 2023-06-25 17:41:25.994605
val # 6 done, 2023-06-25 17:46:24.920912
epoch # 7 done, 2023-06-25 17:52:02.718260
epoch # 8 done, 2023-06-25 17:57:40.282268
val # 8 done, 2023-06-25 18:02:39.411734
epoch # 9 done, 2023-06-25 18:08:14.212635
epoch # 10 done, 2023-06-25 18:13:52.121471
val # 10 done, 2023-06-25 18:18:51.853413
epoch # 11 done, 2023-06-25 18:24:26.548180
epoch # 12 done, 2023-06-25 18:30:01.063592
val # 12 done, 2023-06-25 18:35:00.989150
epoch # 13 done, 2023-06-25 18:40:36.598980
epoch # 14 done, 2023-06-25 18:46:12.875343
val # 14 done, 2023-06-25 18:51:12.662262
epoch # 15 done, 2023-06-25 18:56:47.937549
epoch # 16 done, 2023-06-25 19:02:23.304294
val # 16 done, 2023-06-25 19:07:22.420924
epoch # 17 done, 2023-06-25 19:12:58.886938
epoch # 18 done, 2023-06-25 19:18:36.184303
val # 18 done, 2023-06-25 19:23:35.870775
epoch # 19 done, 2023-06-25 19:29:09.821587
epoch # 20 done, 2023-06-25 19:34:47.038045
val # 20 done, 2023-06-25 19:39:47.034579
epoch # 21 done, 2023-06-25 19:45:23.187843
epoch # 22 done, 2023-06-25 19:50:58.902039
val # 22 done, 2023-06-25 19:55:59.808621
epoch # 23 done, 2023-06-25 20:01:35.921644
epoch # 24 done, 2023-06-25 20:07:10.582513
val # 24 done, 2023-06-25 20:12:10.997518
epoch # 25 done, 2023-06-25 20:17:48.323531
epoch # 26 done, 2023-06-25 20:23:24.831075
val # 26 done, 2023-06-25 20:28:23.970721
epoch # 27 done, 2023-06-25 20:34:02.114500
epoch # 28 done, 2023-06-25 20:39:37.850425
val # 28 done, 2023-06-25 20:44:39.414186
epoch # 29 done, 2023-06-25 20:50:17.140418
epoch # 30 done, 2023-06-25 20:55:51.244245
val # 30 done, 2023-06-25 21:00:52.283632
epoch # 31 done, 2023-06-25 21:06:27.872202
epoch # 32 done, 2023-06-25 21:12:04.906266
val # 32 done, 2023-06-25 21:17:04.349565
epoch # 33 done, 2023-06-25 21:22:39.926870
epoch # 34 done, 2023-06-25 21:28:17.132191
val # 34 done, 2023-06-25 21:33:16.465537
epoch # 35 done, 2023-06-25 21:38:52.527046
epoch # 36 done, 2023-06-25 21:44:28.499908
val # 36 done, 2023-06-25 21:49:27.801458
epoch # 37 done, 2023-06-25 21:55:03.135883
epoch # 38 done, 2023-06-25 22:00:41.330961
val # 38 done, 2023-06-25 22:05:43.233728
epoch # 39 done, 2023-06-25 22:11:21.156655
epoch # 40 done, 2023-06-25 22:16:58.936066
val # 40 done, 2023-06-25 22:21:58.921455
epoch # 41 done, 2023-06-25 22:27:35.710220
epoch # 42 done, 2023-06-25 22:33:11.207465
val # 42 done, 2023-06-25 22:38:09.893732
epoch # 43 done, 2023-06-25 22:43:44.047516
epoch # 44 done, 2023-06-25 22:48:58.476114
val # 44 done, 2023-06-25 22:53:50.672861
epoch # 45 done, 2023-06-25 22:59:09.558640
epoch # 46 done, 2023-06-25 23:04:48.168030
val # 46 done, 2023-06-25 23:09:46.779929
epoch # 47 done, 2023-06-25 23:15:20.649990
epoch # 48 done, 2023-06-25 23:20:55.965990
val # 48 done, 2023-06-25 23:25:57.432427
epoch # 49 done, 2023-06-25 23:31:33.551912
/home/tingwei/miniconda3/envs/Zillow/lib/python3.10/site-packages/sklearn/metrics/_classification.py:1344: UndefinedMetricWarning: Recall and F-score are ill-defined and being set to 0.0 in labels with no true samples. Use `zero_division` parameter to control this behavior.
  _warn_prf(average, modifier, msg_start, len(result))
/home/tingwei/miniconda3/envs/Zillow/lib/python3.10/site-packages/sklearn/metrics/_classification.py:1344: UndefinedMetricWarning: Recall and F-score are ill-defined and being set to 0.0 in labels with no true samples. Use `zero_division` parameter to control this behavior.
  _warn_prf(average, modifier, msg_start, len(result))
/home/tingwei/miniconda3/envs/Zillow/lib/python3.10/site-packages/sklearn/metrics/_classification.py:1344: UndefinedMetricWarning: Recall and F-score are ill-defined and being set to 0.0 in labels with no true samples. Use `zero_division` parameter to control this behavior.
  _warn_prf(average, modifier, msg_start, len(result))
epoch # 50 done, 2023-06-25 23:37:08.510217
val # 50 done, 2023-06-25 23:42:09.854480
              precision    recall  f1-score   support

           0       0.80      0.85      0.83       728
           1       0.94      0.92      0.93       867
           2       0.88      0.80      0.84      1397
           3       0.54      0.52      0.53       666
           4       0.71      0.70      0.70       498
           5       0.48      0.57      0.52       388
           6       0.97      0.92      0.94       339
           7       0.72      0.82      0.77       217
           8       0.61      0.67      0.64       702
           9       0.30      0.23      0.26       125
          10       0.16      0.19      0.17       170
          11       0.46      0.40      0.43       150
          12       0.44      0.40      0.42        50
          13       0.14      0.10      0.12        48
          14       0.50      0.47      0.48        15
          15       0.15      0.22      0.18        45
          16       0.24      0.17      0.20        59
          17       0.47      0.33      0.39        76
          18       0.27      0.26      0.26        47
          19       0.00      0.00      0.00         2
          20       0.00      0.00      0.00         0
          21       0.00      0.00      0.00         1
          22       0.12      0.15      0.13        74

    accuracy                           0.70      6664
   macro avg       0.43      0.42      0.42      6664
weighted avg       0.70      0.70      0.70      6664

Finished Training
